2022-07-19 11:15:01,088 - __main__ - INFO - Token value: Token not available!
2022-07-19 11:15:01,760 - __main__ - INFO - Weather in Berlin: 30.32
2022-07-19 10:09:58,525 - __main__ - INFO - Token value: 1234
2022-07-19 10:09:58,949 - __main__ - INFO - Weather in Berlin: 32.56
2022-07-19 12:17:50,405 - __main__ - INFO - Token value: 1234
2022-07-19 12:17:50,875 - __main__ - INFO - Weather in Berlin: 33.66
2022-07-19 14:09:00,868 - __main__ - INFO - Token value: 1234
2022-07-19 14:09:01,435 - __main__ - INFO - Weather in Berlin: 34.86
2022-07-19 16:12:16,906 - __main__ - INFO - Token value: 1234
2022-07-19 16:12:17,306 - __main__ - INFO - Weather in Berlin: 34.28
2022-07-19 18:10:53,682 - __main__ - INFO - Token value: 1234
2022-07-19 18:10:53,844 - __main__ - INFO - Weather in Berlin: 31.9
2022-07-19 20:09:35,027 - __main__ - INFO - Token value: 1234
2022-07-19 20:09:35,139 - __main__ - INFO - Weather in Berlin: 27.52
2022-07-19 22:09:04,334 - __main__ - INFO - Token value: 1234
2022-07-19 22:09:04,912 - __main__ - INFO - Weather in Berlin: 25.4
2022-07-20 00:46:12,649 - __main__ - INFO - Token value: 1234
2022-07-20 00:46:13,296 - __main__ - INFO - Weather in Berlin: 24.18
2022-07-20 03:36:18,748 - __main__ - INFO - Token value: 1234
2022-07-20 03:36:18,916 - __main__ - INFO - Weather in Berlin: 22.12
2022-07-20 04:30:43,477 - __main__ - INFO - Token value: 1234
2022-07-20 04:30:43,776 - __main__ - INFO - Weather in Berlin: 21.64
2022-07-20 06:11:40,340 - __main__ - INFO - Token value: 1234
2022-07-20 06:11:41,194 - __main__ - INFO - Weather in Berlin: 24.95
2022-07-20 08:12:25,109 - __main__ - INFO - Token value: 1234
2022-07-20 08:12:25,397 - __main__ - INFO - Weather in Berlin: 30.85
2022-07-20 10:09:27,874 - __main__ - INFO - Token value: 1234
2022-07-20 10:09:28,041 - __main__ - INFO - Weather in Berlin: 35.42
2022-07-20 12:16:14,801 - __main__ - INFO - Token value: 1234
2022-07-20 12:16:15,447 - __main__ - INFO - Weather in Berlin: 36.64
2022-07-20 14:10:42,143 - __main__ - INFO - Token value: 1234
2022-07-20 14:10:42,285 - __main__ - INFO - Weather in Berlin: 37.34
2022-07-20 16:11:32,101 - __main__ - INFO - Token value: 1234
2022-07-20 16:11:32,270 - __main__ - INFO - Weather in Berlin: 36.32
2022-07-20 18:11:08,871 - __main__ - INFO - Token value: 1234
2022-07-20 18:11:09,450 - __main__ - INFO - Weather in Berlin: 35.75
2022-07-20 20:10:07,208 - __main__ - INFO - Token value: 1234
2022-07-20 20:10:07,807 - __main__ - INFO - Weather in Berlin: 29.16
2022-07-20 22:08:32,880 - __main__ - INFO - Token value: 1234
2022-07-20 22:08:33,309 - __main__ - INFO - Weather in Berlin: 27.72
2022-07-21 00:51:04,670 - __main__ - INFO - Token value: 1234
2022-07-21 00:51:04,945 - __main__ - INFO - Weather in Berlin: 25.62
2022-07-21 03:32:21,183 - __main__ - INFO - Token value: 1234
2022-07-21 03:32:21,622 - __main__ - INFO - Weather in Berlin: 24.17
2022-07-21 04:33:49,059 - __main__ - INFO - Token value: 1234
2022-07-21 04:33:49,712 - __main__ - INFO - Weather in Berlin: 23.8
2022-07-21 06:11:40,676 - __main__ - INFO - Token value: 1234
2022-07-21 06:11:41,078 - __main__ - INFO - Weather in Berlin: 24.1
2022-07-21 08:11:51,774 - __main__ - INFO - Token value: 1234
2022-07-21 08:11:51,925 - __main__ - INFO - Weather in Berlin: 26.61
2022-07-21 10:10:48,231 - __main__ - INFO - Token value: 1234
2022-07-21 10:10:48,658 - __main__ - INFO - Weather in Berlin: 29.39
2022-07-21 12:16:51,452 - __main__ - INFO - Token value: 1234
2022-07-21 12:16:52,210 - __main__ - INFO - Weather in Berlin: 29.02
2022-07-21 14:10:13,059 - __main__ - INFO - Token value: 1234
2022-07-21 14:10:13,760 - __main__ - INFO - Weather in Berlin: 24.62
2022-07-21 16:11:48,481 - __main__ - INFO - Token value: 1234
2022-07-21 16:11:49,254 - __main__ - INFO - Weather in Berlin: 24.51
2022-07-21 18:11:19,590 - __main__ - INFO - Token value: 1234
2022-07-21 18:11:19,965 - __main__ - INFO - Weather in Berlin: 25.79
2022-07-21 20:10:30,244 - __main__ - INFO - Token value: 1234
2022-07-21 20:10:30,328 - __main__ - INFO - Weather in Berlin: 22.77
2022-07-25 00:44:39,700 - __main__ - INFO - Token value: 1234
2022-07-25 00:44:40,082 - __main__ - INFO - Weather in Berlin: 19.9
2022-08-01 00:54:12,206 - __main__ - INFO - Token value: 1234
2022-08-01 00:54:12,694 - __main__ - INFO - Weather in Berlin: 20.23
2022-08-08 00:40:42,506 - __main__ - INFO - Token value: 1234
2022-08-08 00:40:42,610 - __main__ - INFO - Weather in Berlin: 16.92
2022-08-15 00:44:48,218 - __main__ - INFO - Token value: 1234
2022-08-15 00:44:48,828 - __main__ - INFO - Weather in Berlin: 22.05
2022-08-22 00:46:22,483 - __main__ - INFO - Token value: 1234
2022-08-22 00:46:22,604 - __main__ - INFO - Weather in Berlin: 16.54
2022-08-29 00:51:03,885 - __main__ - INFO - Token value: 1234
2022-08-29 00:51:04,463 - __main__ - INFO - Weather in Berlin: 13.61
2022-09-05 00:54:44,539 - __main__ - INFO - Token value: 1234
2022-09-05 00:54:45,065 - __main__ - INFO - Weather in Berlin: 15.8
2022-09-12 00:48:56,255 - __main__ - INFO - Token value: 1234
2022-09-12 00:48:56,362 - __main__ - INFO - Weather in Berlin: 12.68
2022-09-19 00:51:28,986 - __main__ - INFO - Token value: 1234
2022-09-19 00:51:29,073 - __main__ - INFO - Weather in Berlin: 8.79
2022-09-26 00:54:36,285 - __main__ - INFO - Token value: 1234
2022-09-26 00:54:36,670 - __main__ - INFO - Weather in Berlin: 11.75
2022-10-03 00:53:53,511 - __main__ - INFO - Token value: 1234
2022-10-03 00:53:54,115 - __main__ - INFO - Weather in Berlin: 11.07
2022-10-10 00:59:22,592 - __main__ - INFO - Token value: 1234
2022-10-10 00:59:22,684 - __main__ - INFO - Weather in Berlin: 7.73
2022-10-17 01:03:34,041 - __main__ - INFO - Token value: 1234
2022-10-17 01:03:34,808 - __main__ - INFO - Weather in Berlin: 13.02
2022-10-24 01:05:23,964 - __main__ - INFO - Token value: 1234
2022-10-24 01:05:24,197 - __main__ - INFO - Weather in Berlin: 13.27
2022-10-31 00:56:50,347 - __main__ - INFO - Token value: 1234
2022-10-31 00:56:50,781 - __main__ - INFO - Weather in Berlin: 13.45
2022-11-07 00:46:30,914 - __main__ - INFO - Token value: 1234
2022-11-07 00:46:31,482 - __main__ - INFO - Weather in Berlin: 6.9
2022-11-14 00:42:53,014 - __main__ - INFO - Token value: 1234
2022-11-14 00:42:53,136 - __main__ - INFO - Weather in Berlin: 6.58
2022-11-21 00:44:54,383 - __main__ - INFO - Token value: 1234
2022-11-21 00:44:54,891 - __main__ - INFO - Weather in Berlin: -1.89
2022-11-28 00:38:10,868 - __main__ - INFO - Token value: 1234
2022-11-28 00:38:10,962 - __main__ - INFO - Weather in Berlin: 4.03
2022-12-05 00:37:36,747 - __main__ - INFO - Token value: 1234
2022-12-05 00:37:37,346 - __main__ - INFO - Weather in Berlin: 2.48
2022-12-12 00:40:48,194 - __main__ - INFO - Token value: 1234
2022-12-12 00:40:48,347 - __main__ - INFO - Weather in Berlin: -1.51
2022-12-19 00:34:22,668 - __main__ - INFO - Token value: 1234
2022-12-19 00:34:23,349 - __main__ - INFO - Weather in Berlin: -4.73
2022-12-26 00:37:57,455 - __main__ - INFO - Token value: 1234
2022-12-26 00:37:58,555 - __main__ - INFO - Weather in Berlin: 8.58
2023-01-02 00:37:45,571 - __main__ - INFO - Token value: 1234
2023-01-02 00:37:46,198 - __main__ - INFO - Weather in Berlin: 11.86
2023-01-09 00:37:48,669 - __main__ - INFO - Token value: 1234
2023-01-09 00:37:49,006 - __main__ - INFO - Weather in Berlin: 5.01
2023-01-16 00:38:39,973 - __main__ - INFO - Token value: 1234
2023-01-16 00:38:40,358 - __main__ - INFO - Weather in Berlin: 4.9
2023-01-23 00:37:11,897 - __main__ - INFO - Token value: 1234
2023-01-23 00:37:12,431 - __main__ - INFO - Weather in Berlin: 1.65
2023-01-30 00:35:30,776 - __main__ - INFO - Token value: 1234
2023-01-30 00:35:31,351 - __main__ - INFO - Weather in Berlin: 1.63
2023-02-06 00:37:40,919 - __main__ - INFO - Token value: 1234
2023-02-06 00:37:41,397 - __main__ - INFO - Weather in Berlin: -2.01
2023-02-13 00:41:55,645 - __main__ - INFO - Token value: 1234
2023-02-13 00:41:56,334 - __main__ - INFO - Weather in Berlin: 7.16
2023-02-20 00:42:40,136 - __main__ - INFO - Token value: 1234
2023-02-20 00:42:40,714 - __main__ - INFO - Weather in Berlin: 2.39
2023-02-27 00:41:12,914 - __main__ - INFO - Token value: 1234
2023-02-27 00:41:13,506 - __main__ - INFO - Weather in Berlin: -1.34
2023-03-06 00:41:41,381 - __main__ - INFO - Token value: 1234
2023-03-06 00:41:41,518 - __main__ - INFO - Weather in Berlin: 0.94
2023-03-13 00:39:58,538 - __main__ - INFO - Token value: 1234
2023-03-13 00:39:58,984 - __main__ - INFO - Weather in Berlin: 5.94
2023-03-20 00:40:52,346 - __main__ - INFO - Token value: 1234
2023-03-20 00:40:52,864 - __main__ - INFO - Weather in Berlin: 10.36
2023-03-27 00:37:03,135 - __main__ - INFO - Token value: 1234
2023-03-27 00:37:03,579 - __main__ - INFO - Weather in Berlin: 4.49
2023-04-03 00:37:03,535 - __main__ - INFO - Token value: 1234
2023-04-03 00:37:03,887 - __main__ - INFO - Weather in Berlin: 1.06
2023-04-10 00:36:03,126 - __main__ - INFO - Token value: 1234
2023-04-10 00:36:03,601 - __main__ - INFO - Weather in Berlin: 6.65
2023-04-17 00:38:11,628 - __main__ - INFO - Token value: 1234
2023-04-17 00:38:11,958 - __main__ - INFO - Weather in Berlin: 7.47
2023-04-24 00:37:25,968 - __main__ - INFO - Token value: 1234
2023-04-24 00:37:26,548 - __main__ - INFO - Weather in Berlin: 11.24
2023-05-01 00:38:28,593 - __main__ - INFO - Token value: 1234
2023-05-01 00:38:29,237 - __main__ - INFO - Weather in Berlin: 4.74
2023-05-08 00:35:59,553 - __main__ - INFO - Token value: 1234
2023-05-08 00:36:00,012 - __main__ - INFO - Weather in Berlin: 8.12
2023-05-15 00:37:43,779 - __main__ - INFO - Token value: 1234
2023-05-15 00:37:44,323 - __main__ - INFO - Weather in Berlin: 13.01
2023-05-22 00:38:44,183 - __main__ - INFO - Token value: 1234
2023-05-22 00:38:44,825 - __main__ - INFO - Weather in Berlin: 18.93
2023-05-29 00:38:32,685 - __main__ - INFO - Token value: 1234
2023-05-29 00:38:33,317 - __main__ - INFO - Weather in Berlin: 13.49
2023-06-05 00:42:16,214 - __main__ - INFO - Token value: 1234
2023-06-05 00:42:16,354 - __main__ - INFO - Weather in Berlin: 12.54
2023-06-20 22:13:34,263 - __main__ - INFO - Token value: simongerin.dev@gmail.com
2023-06-21 15:37:29,764 - __main__ - INFO - Token value: simongerin.dev@gmail.com
2023-06-22 15:37:06,142 - __main__ - INFO - Token value: simongerin.dev@gmail.com
2023-06-23 15:38:26,742 - __main__ - INFO - Token value: simongerin.dev@gmail.com
2023-06-24 15:37:22,426 - __main__ - INFO - Token value: simongerin.dev@gmail.com
2023-06-25 15:37:40,079 - __main__ - INFO - Token value: simongerin.dev@gmail.com
2023-06-26 15:38:33,738 - __main__ - INFO - Token value: simongerin.dev@gmail.com
2023-06-27 15:39:53,538 - __main__ - INFO - Token value: simongerin.dev@gmail.com
2023-06-28 15:38:53,499 - __main__ - INFO - Token value: simongerin.dev@gmail.com
2023-06-29 15:38:00,296 - __main__ - INFO - Token value: simongerin.dev@gmail.com
2023-06-30 15:37:42,711 - __main__ - INFO - Token value: simongerin.dev@gmail.com
2023-07-01 15:37:03,375 - __main__ - INFO - Token value: simongerin.dev@gmail.com
2023-07-02 15:37:21,290 - __main__ - INFO - Token value: simongerin.dev@gmail.com
2023-07-03 15:38:06,282 - __main__ - INFO - Token value: simongerin.dev@gmail.com
2023-07-04 15:39:56,732 - __main__ - INFO - Token value: simongerin.dev@gmail.com
2023-07-05 15:41:33,677 - __main__ - INFO - Token value: simongerin.dev@gmail.com
2023-07-06 15:39:37,754 - __main__ - INFO - Token value: simongerin.dev@gmail.com
2023-07-07 15:37:48,599 - __main__ - INFO - Token value: simongerin.dev@gmail.com
2023-07-08 15:37:25,729 - __main__ - INFO - Token value: simongerin.dev@gmail.com
2023-07-09 15:37:39,088 - __main__ - INFO - Token value: simongerin.dev@gmail.com
2023-07-10 15:38:41,100 - __main__ - INFO - Token value: simongerin.dev@gmail.com
2023-07-11 15:38:12,043 - __main__ - INFO - Token value: simongerin.dev@gmail.com
2023-07-12 15:38:07,438 - __main__ - INFO - Token value: simongerin.dev@gmail.com
2023-07-13 15:38:06,713 - __main__ - INFO - Token value: simongerin.dev@gmail.com
2023-07-14 15:37:39,332 - __main__ - INFO - Token value: simongerin.dev@gmail.com
2023-07-15 15:37:34,872 - __main__ - INFO - Token value: simongerin.dev@gmail.com
2023-07-16 15:37:22,063 - __main__ - INFO - Token value: simongerin.dev@gmail.com
2023-07-17 15:38:10,373 - __main__ - INFO - Token value: simongerin.dev@gmail.com
2023-07-18 15:37:36,447 - __main__ - INFO - Token value: simongerin.dev@gmail.com
2023-07-19 15:37:29,711 - __main__ - INFO - Token value: simongerin.dev@gmail.com
2023-07-20 15:37:41,867 - __main__ - INFO - Token value: simongerin.dev@gmail.com
2023-07-21 15:37:31,363 - __main__ - INFO - Token value: simongerin.dev@gmail.com
2023-07-22 15:37:29,397 - __main__ - INFO - Token value: simongerin.dev@gmail.com
2023-07-23 15:37:21,195 - __main__ - INFO - Token value: simongerin.dev@gmail.com
2023-07-24 15:37:36,169 - __main__ - INFO - Token value: simongerin.dev@gmail.com
2023-07-25 15:37:43,259 - __main__ - INFO - Token value: simongerin.dev@gmail.com
2023-07-26 15:37:43,012 - __main__ - INFO - Token value: simongerin.dev@gmail.com
2023-07-27 15:37:40,378 - __main__ - INFO - Token value: simongerin.dev@gmail.com
2023-07-28 15:37:49,431 - __main__ - INFO - Token value: simongerin.dev@gmail.com
2023-07-29 15:37:36,754 - __main__ - INFO - Token value: simongerin.dev@gmail.com
2023-07-30 15:37:29,057 - __main__ - INFO - Token value: simongerin.dev@gmail.com
2023-07-31 15:37:48,954 - __main__ - INFO - Token value: simongerin.dev@gmail.com
2023-08-01 15:37:21,352 - __main__ - INFO - Token value: simongerin.dev@gmail.com
2023-08-02 15:37:21,313 - __main__ - INFO - Token value: simongerin.dev@gmail.com
2023-08-03 15:37:27,869 - __main__ - INFO - Token value: simongerin.dev@gmail.com
2023-08-04 15:37:30,399 - __main__ - INFO - Token value: simongerin.dev@gmail.com
2023-08-05 15:37:42,322 - __main__ - INFO - Token value: simongerin.dev@gmail.com
2023-08-06 15:37:49,331 - __main__ - INFO - Token value: simongerin.dev@gmail.com
2023-08-07 15:37:35,488 - __main__ - INFO - Token value: simongerin.dev@gmail.com
2023-08-08 15:37:27,029 - __main__ - INFO - Token value: simongerin.dev@gmail.com
2023-08-09 15:37:34,225 - __main__ - INFO - Token value: simongerin.dev@gmail.com
2023-08-10 15:37:31,865 - __main__ - INFO - Token value: simongerin.dev@gmail.com
2023-08-11 15:37:48,137 - __main__ - INFO - Token value: simongerin.dev@gmail.com
2023-08-12 15:37:44,232 - __main__ - INFO - Token value: simongerin.dev@gmail.com
2023-08-13 15:37:22,465 - __main__ - INFO - Token value: simongerin.dev@gmail.com
2023-08-14 15:37:35,240 - __main__ - INFO - Token value: simongerin.dev@gmail.com
2023-08-15 15:37:51,858 - __main__ - INFO - Token value: simongerin.dev@gmail.com
2023-08-16 15:37:46,345 - __main__ - INFO - Token value: simongerin.dev@gmail.com
2023-08-17 15:37:35,797 - __main__ - INFO - Token value: simongerin.dev@gmail.com
2023-08-18 15:37:26,658 - __main__ - INFO - Token value: simongerin.dev@gmail.com
2023-08-19 15:37:37,653 - __main__ - INFO - Token value: simongerin.dev@gmail.com
2023-08-20 15:37:44,245 - __main__ - INFO - Token value: simongerin.dev@gmail.com
2023-08-21 15:37:39,928 - __main__ - INFO - Token value: simongerin.dev@gmail.com
2023-08-22 15:37:49,642 - __main__ - INFO - Token value: simongerin.dev@gmail.com
2023-08-23 15:37:45,615 - __main__ - INFO - Token value: simongerin.dev@gmail.com
2023-08-24 15:37:46,284 - __main__ - INFO - Token value: simongerin.dev@gmail.com
2023-08-25 15:37:43,799 - __main__ - INFO - Token value: simongerin.dev@gmail.com
2023-08-26 15:37:41,519 - __main__ - INFO - Token value: simongerin.dev@gmail.com
2023-08-27 15:37:26,236 - __main__ - INFO - Token value: simongerin.dev@gmail.com
2023-08-28 15:37:56,106 - __main__ - INFO - Token value: simongerin.dev@gmail.com
2023-08-29 15:37:38,011 - __main__ - INFO - Token value: simongerin.dev@gmail.com
2023-08-30 15:37:37,016 - __main__ - INFO - Token value: simongerin.dev@gmail.com
2023-08-31 15:37:47,455 - __main__ - INFO - Token value: simongerin.dev@gmail.com
2023-09-01 15:37:38,218 - __main__ - INFO - Token value: simongerin.dev@gmail.com
2023-09-02 15:37:40,665 - __main__ - INFO - Token value: simongerin.dev@gmail.com
2023-09-03 15:37:21,936 - __main__ - INFO - Token value: simongerin.dev@gmail.com
2023-09-04 15:37:35,013 - __main__ - INFO - Token value: simongerin.dev@gmail.com
2023-09-05 15:37:36,190 - __main__ - INFO - Token value: simongerin.dev@gmail.com
2023-09-06 15:38:01,235 - __main__ - INFO - Token value: simongerin.dev@gmail.com
2023-09-07 15:37:47,176 - __main__ - INFO - Token value: simongerin.dev@gmail.com
2023-09-08 15:37:33,100 - __main__ - INFO - Token value: simongerin.dev@gmail.com
2023-09-09 15:37:36,662 - __main__ - INFO - Token value: simongerin.dev@gmail.com
2023-09-10 15:37:45,452 - __main__ - INFO - Token value: simongerin.dev@gmail.com
2023-09-11 15:37:47,257 - __main__ - INFO - Token value: simongerin.dev@gmail.com
2023-09-13 15:37:40,428 - __main__ - INFO - Token value: simongerin.dev@gmail.com
2023-09-14 15:37:47,715 - __main__ - INFO - Token value: simongerin.dev@gmail.com
2023-09-15 15:37:35,564 - __main__ - INFO - Token value: simongerin.dev@gmail.com
2023-09-16 15:37:38,714 - __main__ - INFO - Token value: simongerin.dev@gmail.com
2023-09-17 15:37:39,399 - __main__ - INFO - Token value: simongerin.dev@gmail.com
2023-09-18 15:37:37,300 - __main__ - INFO - Token value: simongerin.dev@gmail.com
2023-09-19 15:37:43,595 - __main__ - INFO - Token value: simongerin.dev@gmail.com
2023-09-20 15:37:56,970 - __main__ - INFO - Token value: simongerin.dev@gmail.com
2023-09-21 15:37:49,885 - __main__ - INFO - Token value: simongerin.dev@gmail.com
2023-09-22 16:01:06,513 - __main__ - INFO - Token value: simongerin.dev@gmail.com
2023-09-23 15:37:26,924 - __main__ - INFO - Token value: simongerin.dev@gmail.com
2023-09-24 15:37:27,874 - __main__ - INFO - Token value: simongerin.dev@gmail.com
2023-09-25 15:38:06,808 - __main__ - INFO - Token value: simongerin.dev@gmail.com
2023-09-26 15:38:09,664 - __main__ - INFO - Token value: simongerin.dev@gmail.com
2023-09-27 16:40:11,417 - __main__ - INFO - Token value: simongerin.dev@gmail.com
2023-09-28 15:37:44,378 - __main__ - INFO - Token value: simongerin.dev@gmail.com
2023-09-29 15:37:39,114 - __main__ - INFO - Token value: simongerin.dev@gmail.com
2023-09-30 15:37:20,402 - __main__ - INFO - Token value: simongerin.dev@gmail.com
2023-10-01 15:37:37,366 - __main__ - INFO - Token value: simongerin.dev@gmail.com
2023-10-02 15:37:34,578 - __main__ - INFO - Token value: simongerin.dev@gmail.com
2023-10-03 15:37:35,685 - __main__ - INFO - Token value: simongerin.dev@gmail.com
2023-10-04 15:37:56,018 - __main__ - INFO - Token value: simongerin.dev@gmail.com
2023-10-05 15:38:08,181 - __main__ - INFO - Token value: simongerin.dev@gmail.com
2023-10-06 15:37:34,989 - __main__ - INFO - Token value: simongerin.dev@gmail.com
2023-10-07 15:37:29,695 - __main__ - INFO - Token value: simongerin.dev@gmail.com
2023-10-08 15:37:40,297 - __main__ - INFO - Token value: simongerin.dev@gmail.com
2023-10-09 15:37:49,321 - __main__ - INFO - Token value: simongerin.dev@gmail.com
2023-10-10 15:37:59,055 - __main__ - INFO - Token value: simongerin.dev@gmail.com
2023-10-11 15:38:05,461 - __main__ - INFO - Token value: simongerin.dev@gmail.com
2023-10-12 15:37:51,685 - __main__ - INFO - Token value: simongerin.dev@gmail.com
2023-10-13 15:38:04,616 - __main__ - INFO - Token value: simongerin.dev@gmail.com
2023-10-14 15:37:27,013 - __main__ - INFO - Token value: simongerin.dev@gmail.com
2023-10-15 15:37:40,197 - __main__ - INFO - Token value: simongerin.dev@gmail.com
2023-10-16 15:38:05,132 - __main__ - INFO - Token value: simongerin.dev@gmail.com
2023-10-17 15:37:52,787 - __main__ - INFO - Token value: simongerin.dev@gmail.com
2023-10-18 15:37:49,131 - __main__ - INFO - Token value: simongerin.dev@gmail.com
2023-10-19 15:38:00,996 - __main__ - INFO - Token value: simongerin.dev@gmail.com
2023-10-20 15:37:57,752 - __main__ - INFO - Token value: simongerin.dev@gmail.com
2023-10-21 15:37:51,896 - __main__ - INFO - Token value: simongerin.dev@gmail.com
2023-10-22 15:37:51,468 - __main__ - INFO - Token value: simongerin.dev@gmail.com
2023-10-23 15:37:50,990 - __main__ - INFO - Token value: simongerin.dev@gmail.com
2023-10-24 15:38:09,079 - __main__ - INFO - Token value: simongerin.dev@gmail.com
2023-10-25 15:37:54,842 - __main__ - INFO - Token value: simongerin.dev@gmail.com
2023-10-26 15:37:43,838 - __main__ - INFO - Token value: simongerin.dev@gmail.com
2023-10-27 15:37:33,162 - __main__ - INFO - Token value: simongerin.dev@gmail.com
2023-10-28 15:37:33,682 - __main__ - INFO - Token value: simongerin.dev@gmail.com
2023-10-29 15:37:36,742 - __main__ - INFO - Token value: simongerin.dev@gmail.com
2023-10-30 15:37:48,611 - __main__ - INFO - Token value: simongerin.dev@gmail.com
2023-10-31 15:37:41,848 - __main__ - INFO - Token value: simongerin.dev@gmail.com
2023-11-01 15:37:45,214 - __main__ - INFO - Token value: simongerin.dev@gmail.com
2023-11-02 15:37:53,752 - __main__ - INFO - Token value: simongerin.dev@gmail.com
2023-11-03 15:38:20,531 - __main__ - INFO - Token value: simongerin.dev@gmail.com
2023-11-04 15:37:54,007 - __main__ - INFO - Token value: simongerin.dev@gmail.com
2023-11-05 15:37:52,023 - __main__ - INFO - Token value: simongerin.dev@gmail.com
2023-11-06 15:38:08,298 - __main__ - INFO - Token value: simongerin.dev@gmail.com
2023-11-07 15:37:55,539 - __main__ - INFO - Token value: simongerin.dev@gmail.com
2023-11-08 15:37:51,640 - __main__ - INFO - Token value: simongerin.dev@gmail.com
2023-11-09 15:37:57,058 - __main__ - INFO - Token value: simongerin.dev@gmail.com
